<?xml version="1.0" encoding="utf-8"?>
<test-run id="2" testcasecount="1" result="Passed" total="1" passed="1" failed="0" inconclusive="0" skipped="0" asserts="0" engine-version="3.5.0.0" clr-version="4.0.30319.42000" start-time="2026-07-30 07:10:58Z" end-time="2026-07-30 07:10:59Z" duration="1.616866">
  <test-suite type="TestSuite" id="1000" name="LevelDevil" fullname="LevelDevil" runstate="Runnable" testcasecount="1" result="Passed" start-time="2026-07-30 07:10:58Z" end-time="2026-07-30 07:10:59Z" duration="1.616866" total="1" passed="1" failed="0" inconclusive="0" skipped="0" asserts="0">
    <properties>
      <property name="platform" value="PlayMode" />
    </properties>
    <test-suite type="Assembly" id="1003" name="LevelDevil.PlayModeTests.dll" fullname="D:/NkBe/LevelDevil/Library/ScriptAssemblies/LevelDevil.PlayModeTests.dll" runstate="Runnable" testcasecount="1" result="Passed" start-time="2026-07-30 07:10:58Z" end-time="2026-07-30 07:10:59Z" duration="1.610827" total="1" passed="1" failed="0" inconclusive="0" skipped="0" asserts="0">
      <properties>
        <property name="_PID" value="30500" />
        <property name="_APPDOMAIN" value="Unity Child Domain" />
        <property name="platform" value="PlayMode" />
      </properties>
      <test-suite type="TestFixture" id="1001" name="LevelCatalogPlayModeTests" fullname="LevelCatalogPlayModeTests" classname="LevelCatalogPlayModeTests" runstate="Runnable" testcasecount="1" result="Passed" start-time="2026-07-30 07:10:58Z" end-time="2026-07-30 07:10:59Z" duration="1.609449" total="1" passed="1" failed="0" inconclusive="0" skipped="0" asserts="0">
        <properties>
          <property name="platform" value="PlayMode" />
        </properties>
        <test-case id="1002" name="ExistingCatalogLoadsEveryConfiguredLevel" fullname="LevelCatalogPlayModeTests.ExistingCatalogLoadsEveryConfiguredLevel" methodname="ExistingCatalogLoadsEveryConfiguredLevel" classname="LevelCatalogPlayModeTests" runstate="Runnable" seed="313832414" result="Passed" start-time="2026-07-30 07:10:58Z" end-time="2026-07-30 07:10:59Z" duration="1.598053" asserts="0">
          <properties>
            <property name="_JOINTYPE" value="UnityCombinatorial" />
            <property name="platform" value="PlayMode" />
            <property name="retryIteration" value="0" />
            <property name="repeatIteration" value="0" />
          </properties>
          <output><![CDATA[Load Level 0
Map reset and first level loaded
Load Level 0
Load Level 1
Load Level 2
Load Level 3
Load Level 4
Load Level 0
Map reset and first level loaded
Load Level 0
Map reset and first level loaded
Load Level 0
Load Level 1
Load Level 2
Load Level 3
Load Level 4
Load Level 0
Map reset and first level loaded
Load Level 0
Map reset and first level loaded
Load Level 0
Load Level 1
Load Level 2
Load Level 3
Load Level 4
Load Level 0
Map reset and first level loaded
Load Level 0
Map reset and first level loaded
Load Level 0
Load Level 1
Load Level 2
Load Level 3
Load Level 4
Load Level 0
Map reset and first level loaded
Load Level 0
Map reset and first level loaded
Load Level 0
Load Level 1
Load Level 2
Load Level 3
Load Level 4
Load Level 0
Map reset and first level loaded
Load Level 0
Map reset and first level loaded
Load Level 0
Load Level 1
Load Level 2
Load Level 3
Load Level 4
Load Level 0
Map reset and first level loaded
Load Level 0
Map reset and first level loaded
Load Level 0
Load Level 1
Load Level 2
Load Level 3
Load Level 4
Load Level 0
Map reset and first level loaded
Load Level 0
Map reset and first level loaded
Load Level 0
Load Level 1
Load Level 2
Load Level 3
Load Level 4
Load Level 0
Map reset and first level loaded
Load Level 0
Map reset and first level loaded
Load Level 0
Load Level 1
Load Level 2
Load Level 3
Load Level 4
Load Level 0
Map reset and first level loaded
Load Level 0
Map reset and first level loaded
Load Level 0
Load Level 1
Load Level 2
Load Level 3
Load Level 4
Load Level 0
Map reset and first level loaded
Load Level 0
Map reset and first level loaded
Load Level 0
Load Level 1
Load Level 2
Load Level 3
Load Level 4
Load Level 0
Map reset and first level loaded
Load Level 0
Map reset and first level loaded
Load Level 0
Load Level 1
Load Level 2
Load Level 3
Load Level 4
Load Level 0
Map reset and first level loaded
Load Level 0
Map reset and first level loaded
Load Level 0
Load Level 1
Load Level 2
Load Level 3
Load Level 4
Load Level 0
Map reset and first level loaded
Load Level 0
Map reset and first level loaded
Load Level 0
Load Level 1
Load Level 2
Load Level 3
Load Level 4
Load Level 0
Map reset and first level loaded
Load Level 0
Map reset and first level loaded
Load Level 0
Load Level 1
Load Level 2
Load Level 3
Load Level 4
Load Level 0
Map reset and first level loaded
Load Level 0
Map reset and first level loaded
Load Level 0
Load Level 1
Load Level 2
Load Level 3
Load Level 4
Load Level 0
Map reset and first level loaded
Load Level 0
Map reset and first level loaded
Load Level 0
Load Level 0
Map reset and first level loaded
Load Level 0
Map reset and first level loaded
Load Level 0
Load Level 0
Map reset and first level loaded
]]></output>
        </test-case>
      </test-suite>
    </test-suite>
  </test-suite>
</test-run>